<?xml version="1.0" encoding="UTF-8"?>
<testsuite xmlns:xsi="http://www.w3.org/2001/XMLSchema-instance" xsi:noNamespaceSchemaLocation="https://maven.apache.org/surefire/maven-surefire-plugin/xsd/surefire-test-report.xsd" name="com.belogrudov.controller.CrawlerWebControllerTest" time="9.613" tests="2" errors="0" skipped="0" failures="0">
  <properties>
[...]
</properties>
  <testcase name="testGet" classname="com.belogrudov.controller.CrawlerWebControllerTest" time="0.347"/>
  <testcase name="testParse" classname="com.belogrudov.controller.CrawlerWebControllerTest" time="5.643"/>
</testsuite>